<![LOG[SUCCESS: True: Delete Folder: D:\MININT]LOG]!><time="11:34:01.000+000" date="03-07-2015" component="LTICleanup" context="" type="1" thread="" file="LTICleanup">
<![LOG[Property LogPath is now = E:\MININT\SMSOSD\OSDLOGS]LOG]!><time="11:37:43.000+000" date="03-07-2015" component="LiteTouch" context="" type="1" thread="" file="LiteTouch">
<![LOG[Microsoft Deployment Toolkit version: 6.2.5019.0]LOG]!><time="11:37:43.000+000" date="03-07-2015" component="LiteTouch" context="" type="1" thread="" file="LiteTouch">
<![LOG[Property Debug is now = FALSE]LOG]!><time="11:37:43.000+000" date="03-07-2015" component="LiteTouch" context="" type="1" thread="" file="LiteTouch">
<![LOG[ZTIUtility!GetAllFixedDrives (False)]LOG]!><time="11:37:43.000+000" date="03-07-2015" component="LiteTouch" context="" type="1" thread="" file="LiteTouch">
<![LOG[New ZTIDiskPartition : \\MININT-VSLI7IL\root\cimv2:Win32_DiskPartition.DeviceID="Disk #0, Partition #0"    \\MININT-VSLI7IL\root\cimv2:Win32_LogicalDisk.DeviceID="C:"]LOG]!><time="11:37:43.000+000" date="03-07-2015" component="LiteTouch" context="" type="1" thread="" file="LiteTouch">
<![LOG[New ZTIDisk : \\MININT-VSLI7IL\root\cimv2:Win32_DiskDrive.DeviceID="\\\\.\\PHYSICALDRIVE0"]LOG]!><time="11:37:43.000+000" date="03-07-2015" component="LiteTouch" context="" type="1" thread="" file="LiteTouch">
<![LOG[New ZTIDiskPartition : \\MININT-VSLI7IL\root\cimv2:Win32_DiskPartition.DeviceID="Disk #0, Partition #1"    \\MININT-VSLI7IL\root\cimv2:Win32_LogicalDisk.DeviceID="E:"]LOG]!><time="11:37:43.000+000" date="03-07-2015" component="LiteTouch" context="" type="1" thread="" file="LiteTouch">
<![LOG[New ZTIDisk : \\MININT-VSLI7IL\root\cimv2:Win32_DiskDrive.DeviceID="\\\\.\\PHYSICALDRIVE0"]LOG]!><time="11:37:43.000+000" date="03-07-2015" component="LiteTouch" context="" type="1" thread="" file="LiteTouch">
<![LOG[New ZTIDiskPartition : \\MININT-VSLI7IL\root\cimv2:Win32_DiskPartition.DeviceID="Disk #1, Partition #0"    \\MININT-VSLI7IL\root\cimv2:Win32_LogicalDisk.DeviceID="D:"]LOG]!><time="11:37:43.000+000" date="03-07-2015" component="LiteTouch" context="" type="1" thread="" file="LiteTouch">
<![LOG[New ZTIDisk : \\MININT-VSLI7IL\root\cimv2:Win32_DiskDrive.DeviceID="\\\\.\\PHYSICALDRIVE1"]LOG]!><time="11:37:44.000+000" date="03-07-2015" component="LiteTouch" context="" type="1" thread="" file="LiteTouch">
<![LOG[ZTIUtility!GetAllFixedDrives =  C: E:]LOG]!><time="11:37:44.000+000" date="03-07-2015" component="LiteTouch" context="" type="1" thread="" file="LiteTouch">
<![LOG[No task sequence is in progress.]LOG]!><time="11:37:44.000+000" date="03-07-2015" component="LiteTouch" context="" type="1" thread="" file="LiteTouch">
<![LOG[New ZTIDisk : \\MININT-VSLI7IL\root\cimv2:Win32_DiskDrive.DeviceID="\\\\.\\PHYSICALDRIVE0"]LOG]!><time="11:37:44.000+000" date="03-07-2015" component="LiteTouch" context="" type="1" thread="" file="LiteTouch">
<![LOG[Found Possible OS TargetDisk: \\MININT-VSLI7IL\root\cimv2:Win32_DiskDrive.DeviceID="\\\\.\\PHYSICALDRIVE0"]LOG]!><time="11:37:44.000+000" date="03-07-2015" component="LiteTouch" context="" type="1" thread="" file="LiteTouch">
<![LOG[GetPartitions: 2]LOG]!><time="11:37:44.000+000" date="03-07-2015" component="LiteTouch" context="" type="1" thread="" file="LiteTouch">
<![LOG[Found Possible OS Target Partition: \\MININT-VSLI7IL\root\cimv2:Win32_DiskPartition.DeviceID="Disk #0, Partition #0"]LOG]!><time="11:37:44.000+000" date="03-07-2015" component="LiteTouch" context="" type="1" thread="" file="LiteTouch">
<![LOG[New ZTIDiskPartition : \\MININT-VSLI7IL\root\cimv2:Win32_DiskPartition.DeviceID="Disk #0, Partition #0"    \\MININT-VSLI7IL\root\cimv2:Win32_LogicalDisk.DeviceID="C:"]LOG]!><time="11:37:44.000+000" date="03-07-2015" component="LiteTouch" context="" type="1" thread="" file="LiteTouch">
<![LOG[Found Drive: C:]LOG]!><time="11:37:44.000+000" date="03-07-2015" component="LiteTouch" context="" type="1" thread="" file="LiteTouch">
<![LOG[Found Possible OS Target Partition: \\MININT-VSLI7IL\root\cimv2:Win32_DiskPartition.DeviceID="Disk #0, Partition #1"]LOG]!><time="11:37:44.000+000" date="03-07-2015" component="LiteTouch" context="" type="1" thread="" file="LiteTouch">
<![LOG[New ZTIDiskPartition : \\MININT-VSLI7IL\root\cimv2:Win32_DiskPartition.DeviceID="Disk #0, Partition #1"    \\MININT-VSLI7IL\root\cimv2:Win32_LogicalDisk.DeviceID="E:"]LOG]!><time="11:37:44.000+000" date="03-07-2015" component="LiteTouch" context="" type="1" thread="" file="LiteTouch">
<![LOG[Found More than one candidate OS TargetDisk: \\MININT-VSLI7IL\root\cimv2:Win32_DiskPartition.DeviceID="Disk #0, Partition #1"]LOG]!><time="11:37:44.000+000" date="03-07-2015" component="LiteTouch" context="" type="1" thread="" file="LiteTouch">
<![LOG[New ZTIDisk : \\MININT-VSLI7IL\root\cimv2:Win32_DiskDrive.DeviceID="\\\\.\\PHYSICALDRIVE1"]LOG]!><time="11:37:44.000+000" date="03-07-2015" component="LiteTouch" context="" type="1" thread="" file="LiteTouch">
<![LOG[Found Possible NonOS Disk: \\MININT-VSLI7IL\root\cimv2:Win32_DiskDrive.DeviceID="\\\\.\\PHYSICALDRIVE1"]LOG]!><time="11:37:44.000+000" date="03-07-2015" component="LiteTouch" context="" type="1" thread="" file="LiteTouch">
<![LOG[Found FirstPossibleSystemDrive: C:]LOG]!><time="11:37:44.000+000" date="03-07-2015" component="LiteTouch" context="" type="1" thread="" file="LiteTouch">
<![LOG[Property SMSTSLocalDataDrive is now = C:]LOG]!><time="11:37:44.000+000" date="03-07-2015" component="LiteTouch" context="" type="1" thread="" file="LiteTouch">
